Unity Editor version:    2020.3.27f1 (e759542391ea)
Branch:                  2020.3/release
Build type:              Release
Batch mode:              YES
macOS version:           Version 11.7.10 (Build 20G1427)
Darwin version:          20.6.0
Architecture:            x86_64
Running under Rosetta:   NO
Available memory:        16384 MB
Using pre-set license
Pro License: NO

COMMAND LINE ARGUMENTS:
/Applications/2020.3.27f1/Unity.app/Contents/MacOS/Unity
-adb2
-batchMode
-noUpm
-name
AssetImportWorker0
-projectPath
/Users/game34/Downloads/Create with Code 2.1_files/Prototype 5
-logFile
Logs/AssetImportWorker0.log
-srvPort
56730
Successfully changed project path to: /Users/game34/Downloads/Create with Code 2.1_files/Prototype 5
Could not lock editor preferences. Preferences updates for this instance of Unity will not be saved./Users/game34/Downloads/Create with Code 2.1_files/Prototype 5
Using Asset Import Pipeline V2.
Refreshing native plugins compatible for Editor in 29.48 ms, found 2 plugins.
Preloading 0 native plugins for Editor in 0.00 ms.
Initialize engine version: 2020.3.27f1 (e759542391ea)
[Subsystems] Discovering subsystems at path /Applications/2020.3.27f1/Unity.app/Contents/Resources/UnitySubsystems
[Subsystems] Discovering subsystems at path /Users/game34/Downloads/Create with Code 2.1_files/Prototype 5/Assets
GfxDevice: creating device client; threaded=0
2025-03-05 12:06:30.017 Unity[7046:248430] iMac preferred device: AMD Radeon Pro 5500 XT (high power)
2025-03-05 12:06:30.017 Unity[7046:248430] Metal devices available: 1
2025-03-05 12:06:30.017 Unity[7046:248430] 0: AMD Radeon Pro 5500 XT (high power)
2025-03-05 12:06:30.017 Unity[7046:248430] Using device AMD Radeon Pro 5500 XT (high power)
Initializing Metal device caps: AMD Radeon Pro 5500 XT
Initialize mono
Mono path[0] = '/Applications/2020.3.27f1/Unity.app/Contents/Managed'
Mono path[1] = '/Applications/2020.3.27f1/Unity.app/Contents/MonoBleedingEdge/lib/mono/unityjit'
Mono config path = '/Applications/2020.3.27f1/Unity.app/Contents/MonoBleedingEdge/etc'
Using monoOptions --debugger-agent=transport=dt_socket,embedding=1,server=y,suspend=n,address=127.0.0.1:56046
Begin MonoManager ReloadAssembly
Registering precompiled unity dll's ...
Register platform support module: /Applications/2020.3.27f1/Unity.app/Contents/PlaybackEngines/MacStandaloneSupport/UnityEditor.OSXStandalone.Extensions.dll
Registered in 0.000428 seconds.
Native extension for OSXStandalone target not found
Refreshing native plugins compatible for Editor in 24.56 ms, found 2 plugins.
Preloading 0 native plugins for Editor in 0.00 ms.
Mono: successfully reloaded assembly
- Completed reload, in  0.537 seconds
Domain Reload Profiling:
	ReloadAssembly (537ms)
		BeginReloadAssembly (45ms)
			ExecutionOrderSort (0ms)
			DisableScriptedObjects (0ms)
			BackupInstance (0ms)
			ReleaseScriptingObjects (0ms)
			CreateAndSetChildDomain (1ms)
		EndReloadAssembly (425ms)
			LoadAssemblies (44ms)
			RebuildTransferFunctionScriptingTraits (0ms)
			SetupTypeCache (163ms)
			ReleaseScriptCaches (0ms)
			RebuildScriptCaches (33ms)
			SetupLoadedEditorAssemblies (155ms)
				LogAssemblyErrors (0ms)
				InitializePlatformSupportModulesInManaged (4ms)
				SetLoadedEditorAssemblies (0ms)
				RefreshPlugins (25ms)
				BeforeProcessingInitializeOnLoad (7ms)
				ProcessInitializeOnLoadAttributes (93ms)
				ProcessInitializeOnLoadMethodAttributes (26ms)
				AfterProcessingInitializeOnLoad (0ms)
				EditorAssembliesLoaded (0ms)
			ExecutionOrderSort2 (0ms)
			AwakeInstancesAfterBackupRestoration (0ms)
Platform modules already initialized, skipping
Registering precompiled user dll's ...
Registered in 0.003283 seconds.
Begin MonoManager ReloadAssembly
Native extension for OSXStandalone target not found
Refreshing native plugins compatible for Editor in 0.30 ms, found 2 plugins.
Preloading 0 native plugins for Editor in 0.00 ms.
Mono: successfully reloaded assembly
- Completed reload, in  0.910 seconds
Domain Reload Profiling:
	ReloadAssembly (911ms)
		BeginReloadAssembly (130ms)
			ExecutionOrderSort (0ms)
			DisableScriptedObjects (4ms)
			BackupInstance (0ms)
			ReleaseScriptingObjects (0ms)
			CreateAndSetChildDomain (24ms)
		EndReloadAssembly (727ms)
			LoadAssemblies (61ms)
			RebuildTransferFunctionScriptingTraits (0ms)
			SetupTypeCache (286ms)
			ReleaseScriptCaches (0ms)
			RebuildScriptCaches (43ms)
			SetupLoadedEditorAssemblies (240ms)
				LogAssemblyErrors (0ms)
				InitializePlatformSupportModulesInManaged (4ms)
				SetLoadedEditorAssemblies (0ms)
				RefreshPlugins (0ms)
				BeforeProcessingInitializeOnLoad (39ms)
				ProcessInitializeOnLoadAttributes (187ms)
				ProcessInitializeOnLoadMethodAttributes (8ms)
				AfterProcessingInitializeOnLoad (1ms)
				EditorAssembliesLoaded (0ms)
			ExecutionOrderSort2 (0ms)
			AwakeInstancesAfterBackupRestoration (6ms)
Platform modules already initialized, skipping
Validating Project structure ... 0.002176 seconds.
Shader import version has changed; will reimport all shaders...
Upgrading shader files ...0.009894 seconds.
Application.AssetDatabase Initial Script Refresh Start
RefreshInfo: InitialScriptRefreshV2(NoUpdateAssetOptions) scanfilter:  ... 1 filters
RefreshProfiler: Total: 0.000ms
Application.AssetDatabase Initial Script Refresh End
Application.AssetDatabase.Refresh Start
Application.AssetDatabase.Refresh End
RefreshInfo: StopAssetImportingV2(ForceSynchronousImport) scanfilter: 
RefreshProfiler: Total: 0.000ms
Launching external process: /Applications/2020.3.27f1/Unity.app/Contents/Tools/UnityShaderCompiler
Launched and connected shader compiler UnityShaderCompiler after 0.01 seconds
Initializing Unity extensions:
========================================================================
Worker process is ready to serve import requests
Refreshing native plugins compatible for Editor in 0.27 ms, found 2 plugins.
Preloading 0 native plugins for Editor in 0.00 ms.
Unloading 1521 Unused Serialized files (Serialized files now loaded: 0)
System memory in use before: 181.0 MB.
System memory in use after: 180.2 MB.

Unloading 83 unused Assets to reduce memory usage. Loaded Objects now: 1993.
Total: 2.510310 ms (FindLiveObjects: 0.110631 ms CreateObjectMapping: 0.041201 ms MarkObjects: 1.966990 ms  DeleteObjects: 0.390858 ms)

AssetImportParameters requested are different than current active one (requested -> active):
  custom:video-decoder-ogg-theora: a1e56fd34408186e4bbccfd4996cb3dc -> 
  custom:container-muxer-webm: aa71ff27fc2769a1b78a27578f13a17b -> 
  custom:container-demuxer-webm: 4f35f7cbe854078d1ac9338744f61a02 -> 
  custom:container-demuxer-ogg: 62fdf1f143b41e24485cea50d1cbac27 -> 
  custom:video-encoder-webm-vp8: eb34c28f22e8b96e1ab97ce403110664 -> 
  custom:framework-osx-AVFoundation: e770b220cccbd017edd2c1fefb359320 -> 
  custom:video-decoder-webm-vp8: 9c59270c3fd7afecdb556c50c9e8de78 -> 
  custom:audio-decoder-ogg-vorbis: bf7c407c2cedff20999df2af8eb42d56 -> 
  custom:audio-encoder-webm-vorbis: bf7c407c2cedff20999df2af8eb42d56 -> 
========================================================================
Received Import Request.
  path: Assets/Scenes/Target.cs
  artifactKey: Guid(1e8df21bade504a268801960e43fc052) Importer(815301076,1909f56bfc062723c751e8b465ee728b)
Start importing Assets/Scenes/Target.cs using Guid(1e8df21bade504a268801960e43fc052) Importer(815301076,1909f56bfc062723c751e8b465ee728b)  -> (artifact id: '4dd953c8e0d00dc74def608cbdd8c2f3') in 0.266881 seconds 
  Import took 0.271590 seconds .

========================================================================
Received Prepare
Registering precompiled user dll's ...
Registered in 0.001421 seconds.
Begin MonoManager ReloadAssembly
Native extension for OSXStandalone target not found
Refreshing native plugins compatible for Editor in 0.30 ms, found 2 plugins.
Preloading 0 native plugins for Editor in 0.00 ms.
Mono: successfully reloaded assembly
- Completed reload, in  0.901 seconds
Domain Reload Profiling:
	ReloadAssembly (901ms)
		BeginReloadAssembly (102ms)
			ExecutionOrderSort (0ms)
			DisableScriptedObjects (4ms)
			BackupInstance (0ms)
			ReleaseScriptingObjects (0ms)
			CreateAndSetChildDomain (52ms)
		EndReloadAssembly (743ms)
			LoadAssemblies (58ms)
			RebuildTransferFunctionScriptingTraits (0ms)
			SetupTypeCache (284ms)
			ReleaseScriptCaches (1ms)
			RebuildScriptCaches (38ms)
			SetupLoadedEditorAssemblies (259ms)
				LogAssemblyErrors (0ms)
				InitializePlatformSupportModulesInManaged (4ms)
				SetLoadedEditorAssemblies (0ms)
				RefreshPlugins (0ms)
				BeforeProcessingInitializeOnLoad (73ms)
				ProcessInitializeOnLoadAttributes (173ms)
				ProcessInitializeOnLoadMethodAttributes (7ms)
				AfterProcessingInitializeOnLoad (1ms)
				EditorAssembliesLoaded (0ms)
			ExecutionOrderSort2 (0ms)
			AwakeInstancesAfterBackupRestoration (6ms)
Platform modules already initialized, skipping
Refreshing native plugins compatible for Editor in 0.28 ms, found 2 plugins.
Preloading 0 native plugins for Editor in 0.00 ms.
Unloading 1500 Unused Serialized files (Serialized files now loaded: 0)
System memory in use before: 184.3 MB.
System memory in use after: 184.4 MB.

Unloading 15 unused Assets to reduce memory usage. Loaded Objects now: 1996.
Total: 2.000670 ms (FindLiveObjects: 0.098805 ms CreateObjectMapping: 0.037443 ms MarkObjects: 1.853765 ms  DeleteObjects: 0.010134 ms)

AssetImportParameters requested are different than current active one (requested -> active):
  custom:video-decoder-ogg-theora: a1e56fd34408186e4bbccfd4996cb3dc -> 
  custom:container-muxer-webm: aa71ff27fc2769a1b78a27578f13a17b -> 
  custom:container-demuxer-webm: 4f35f7cbe854078d1ac9338744f61a02 -> 
  custom:container-demuxer-ogg: 62fdf1f143b41e24485cea50d1cbac27 -> 
  custom:video-encoder-webm-vp8: eb34c28f22e8b96e1ab97ce403110664 -> 
  custom:framework-osx-AVFoundation: e770b220cccbd017edd2c1fefb359320 -> 
  custom:video-decoder-webm-vp8: 9c59270c3fd7afecdb556c50c9e8de78 -> 
  custom:audio-decoder-ogg-vorbis: bf7c407c2cedff20999df2af8eb42d56 -> 
  custom:audio-encoder-webm-vorbis: bf7c407c2cedff20999df2af8eb42d56 -> 
========================================================================
Received Import Request.
  Time since last request: 89.060949 seconds.
  path: Assets/Prefabs/Bad 1.prefab
  artifactKey: Guid(41e063c4c0fca4518b86d13c4dcdc927) Importer(815301076,1909f56bfc062723c751e8b465ee728b)
Start importing Assets/Prefabs/Bad 1.prefab using Guid(41e063c4c0fca4518b86d13c4dcdc927) Importer(815301076,1909f56bfc062723c751e8b465ee728b)  -> (artifact id: '6dd14347ba076fce28696ee040058bf0') in 0.841315 seconds 
  Import took 0.846767 seconds .

========================================================================
Received Import Request.
  Time since last request: 0.000231 seconds.
  path: Assets/Prefabs/Good 1.prefab
  artifactKey: Guid(aa6a4493bd3cc412099195960629b8ed) Importer(815301076,1909f56bfc062723c751e8b465ee728b)
Start importing Assets/Prefabs/Good 1.prefab using Guid(aa6a4493bd3cc412099195960629b8ed) Importer(815301076,1909f56bfc062723c751e8b465ee728b)  -> (artifact id: 'a582abd9d0abb5d9106a85a5cab17771') in 0.012796 seconds 
  Import took 0.014858 seconds .

========================================================================
Received Import Request.
  Time since last request: 0.000142 seconds.
  path: Assets/Prefabs/Good 3.prefab
  artifactKey: Guid(c59f3628ddadc4f0b8677a07da2814c9) Importer(815301076,1909f56bfc062723c751e8b465ee728b)
Start importing Assets/Prefabs/Good 3.prefab using Guid(c59f3628ddadc4f0b8677a07da2814c9) Importer(815301076,1909f56bfc062723c751e8b465ee728b)  -> (artifact id: '60334a24cacbe69022bd478ef5edb160') in 0.009398 seconds 
  Import took 0.011360 seconds .

========================================================================
Received Import Request.
  Time since last request: 0.000136 seconds.
  path: Assets/Prefabs/Good 2.prefab
  artifactKey: Guid(3b57d75a995f0476185473f3a118af36) Importer(815301076,1909f56bfc062723c751e8b465ee728b)
Start importing Assets/Prefabs/Good 2.prefab using Guid(3b57d75a995f0476185473f3a118af36) Importer(815301076,1909f56bfc062723c751e8b465ee728b)  -> (artifact id: '31a64f6e2f31db222df74a611f5d14d5') in 0.009189 seconds 
  Import took 0.011119 seconds .

========================================================================
Received Prepare
Registering precompiled user dll's ...
Registered in 0.001395 seconds.
Begin MonoManager ReloadAssembly
Native extension for OSXStandalone target not found
Refreshing native plugins compatible for Editor in 0.31 ms, found 2 plugins.
Preloading 0 native plugins for Editor in 0.00 ms.
Mono: successfully reloaded assembly
- Completed reload, in  0.893 seconds
Domain Reload Profiling:
	ReloadAssembly (894ms)
		BeginReloadAssembly (95ms)
			ExecutionOrderSort (0ms)
			DisableScriptedObjects (4ms)
			BackupInstance (0ms)
			ReleaseScriptingObjects (0ms)
			CreateAndSetChildDomain (47ms)
		EndReloadAssembly (743ms)
			LoadAssemblies (58ms)
			RebuildTransferFunctionScriptingTraits (0ms)
			SetupTypeCache (280ms)
			ReleaseScriptCaches (1ms)
			RebuildScriptCaches (39ms)
			SetupLoadedEditorAssemblies (260ms)
				LogAssemblyErrors (0ms)
				InitializePlatformSupportModulesInManaged (4ms)
				SetLoadedEditorAssemblies (0ms)
				RefreshPlugins (0ms)
				BeforeProcessingInitializeOnLoad (73ms)
				ProcessInitializeOnLoadAttributes (173ms)
				ProcessInitializeOnLoadMethodAttributes (8ms)
				AfterProcessingInitializeOnLoad (1ms)
				EditorAssembliesLoaded (0ms)
			ExecutionOrderSort2 (0ms)
			AwakeInstancesAfterBackupRestoration (6ms)
Platform modules already initialized, skipping
Refreshing native plugins compatible for Editor in 0.26 ms, found 2 plugins.
Preloading 0 native plugins for Editor in 0.00 ms.
Unloading 1500 Unused Serialized files (Serialized files now loaded: 0)
System memory in use before: 189.1 MB.
System memory in use after: 189.2 MB.

Unloading 14 unused Assets to reduce memory usage. Loaded Objects now: 2004.
Total: 2.018857 ms (FindLiveObjects: 0.100533 ms CreateObjectMapping: 0.036573 ms MarkObjects: 1.871293 ms  DeleteObjects: 0.009841 ms)

AssetImportParameters requested are different than current active one (requested -> active):
  custom:video-decoder-ogg-theora: a1e56fd34408186e4bbccfd4996cb3dc -> 
  custom:container-muxer-webm: aa71ff27fc2769a1b78a27578f13a17b -> 
  custom:container-demuxer-webm: 4f35f7cbe854078d1ac9338744f61a02 -> 
  custom:container-demuxer-ogg: 62fdf1f143b41e24485cea50d1cbac27 -> 
  custom:video-encoder-webm-vp8: eb34c28f22e8b96e1ab97ce403110664 -> 
  custom:framework-osx-AVFoundation: e770b220cccbd017edd2c1fefb359320 -> 
  custom:video-decoder-webm-vp8: 9c59270c3fd7afecdb556c50c9e8de78 -> 
  custom:audio-decoder-ogg-vorbis: bf7c407c2cedff20999df2af8eb42d56 -> 
  custom:audio-encoder-webm-vorbis: bf7c407c2cedff20999df2af8eb42d56 -> 
========================================================================
Received Import Request.
  Time since last request: 228.970232 seconds.
  path: Assets/Prefabs/Bad 1.prefab
  artifactKey: Guid(41e063c4c0fca4518b86d13c4dcdc927) Importer(815301076,1909f56bfc062723c751e8b465ee728b)
Start importing Assets/Prefabs/Bad 1.prefab using Guid(41e063c4c0fca4518b86d13c4dcdc927) Importer(815301076,1909f56bfc062723c751e8b465ee728b)  -> (artifact id: '018af4390f7b71191eeb2f7eea72b24b') in 0.055132 seconds 
  Import took 0.057135 seconds .

========================================================================
Received Import Request.
  Time since last request: 0.000154 seconds.
  path: Assets/Prefabs/Good 1.prefab
  artifactKey: Guid(aa6a4493bd3cc412099195960629b8ed) Importer(815301076,1909f56bfc062723c751e8b465ee728b)
Start importing Assets/Prefabs/Good 1.prefab using Guid(aa6a4493bd3cc412099195960629b8ed) Importer(815301076,1909f56bfc062723c751e8b465ee728b)  -> (artifact id: '5ae799048245b4f91789430ef3b4e338') in 0.009651 seconds 
  Import took 0.011548 seconds .

========================================================================
Received Import Request.
  Time since last request: 0.000136 seconds.
  path: Assets/Prefabs/Good 3.prefab
  artifactKey: Guid(c59f3628ddadc4f0b8677a07da2814c9) Importer(815301076,1909f56bfc062723c751e8b465ee728b)
Start importing Assets/Prefabs/Good 3.prefab using Guid(c59f3628ddadc4f0b8677a07da2814c9) Importer(815301076,1909f56bfc062723c751e8b465ee728b)  -> (artifact id: '32494648c04db56a2f28d0643c43d7de') in 0.008666 seconds 
  Import took 0.010707 seconds .

========================================================================
Received Import Request.
  Time since last request: 0.000150 seconds.
  path: Assets/Prefabs/Good 2.prefab
  artifactKey: Guid(3b57d75a995f0476185473f3a118af36) Importer(815301076,1909f56bfc062723c751e8b465ee728b)
Start importing Assets/Prefabs/Good 2.prefab using Guid(3b57d75a995f0476185473f3a118af36) Importer(815301076,1909f56bfc062723c751e8b465ee728b)  -> (artifact id: '694b66ca0668eb43da24acb400c718db') in 0.008828 seconds 
  Import took 0.010782 seconds .

========================================================================
Received Import Request.
  Time since last request: 7.944611 seconds.
  path: Assets/Course Library/Particles
  artifactKey: Guid(49a467b080e0e47048b2b350dadd3d17) Importer(815301076,1909f56bfc062723c751e8b465ee728b)
Start importing Assets/Course Library/Particles using Guid(49a467b080e0e47048b2b350dadd3d17) Importer(815301076,1909f56bfc062723c751e8b465ee728b)  -> (artifact id: '1617854d8475a751dbd43be65541d5df') in 0.000879 seconds 
  Import took 0.002933 seconds .

========================================================================
Received Import Request.
  Time since last request: 31.362550 seconds.
  path: Assets/Prefabs/Explosion_Black.prefab
  artifactKey: Guid(2b8993a52afb647dbaeb4985928236b9) Importer(815301076,1909f56bfc062723c751e8b465ee728b)
Start importing Assets/Prefabs/Explosion_Black.prefab using Guid(2b8993a52afb647dbaeb4985928236b9) Importer(815301076,1909f56bfc062723c751e8b465ee728b)  -> (artifact id: 'c316c61dae12271a4e2735bf3d09dd9f') in 0.011425 seconds 
  Import took 0.013806 seconds .

========================================================================
Received Import Request.
  Time since last request: 4.863390 seconds.
  path: Assets/Prefabs/Explosion_Grey.prefab
  artifactKey: Guid(a2ec8ca45573a4ec5b0bccb019d86422) Importer(815301076,1909f56bfc062723c751e8b465ee728b)
Start importing Assets/Prefabs/Explosion_Grey.prefab using Guid(a2ec8ca45573a4ec5b0bccb019d86422) Importer(815301076,1909f56bfc062723c751e8b465ee728b)  -> (artifact id: 'b903a884bee65ebabb596efe426a9136') in 0.009135 seconds 
  Import took 0.011681 seconds .

========================================================================
Received Import Request.
  Time since last request: 7.755819 seconds.
  path: Assets/Prefabs/Explosion_Red.prefab
  artifactKey: Guid(b79c7a304651b41dca801d959d80c559) Importer(815301076,1909f56bfc062723c751e8b465ee728b)
Start importing Assets/Prefabs/Explosion_Red.prefab using Guid(b79c7a304651b41dca801d959d80c559) Importer(815301076,1909f56bfc062723c751e8b465ee728b)  -> (artifact id: '2e2d1dd483e84aa84cb83ac7b818463b') in 0.010684 seconds 
  Import took 0.012935 seconds .

========================================================================
Received Import Request.
  Time since last request: 7.344747 seconds.
  path: Assets/Prefabs/Explosion_Yellow.prefab
  artifactKey: Guid(d01b79e5c4f264e9ea94822551e2d931) Importer(815301076,1909f56bfc062723c751e8b465ee728b)
Start importing Assets/Prefabs/Explosion_Yellow.prefab using Guid(d01b79e5c4f264e9ea94822551e2d931) Importer(815301076,1909f56bfc062723c751e8b465ee728b)  -> (artifact id: '46edbf560caf86cb0541a6219cee1ae8') in 0.019209 seconds 
  Import took 0.021676 seconds .

========================================================================
Received Import Request.
  Time since last request: 36.168195 seconds.
  path: Assets/Prefabs/Bad 1.prefab
  artifactKey: Guid(41e063c4c0fca4518b86d13c4dcdc927) Importer(815301076,1909f56bfc062723c751e8b465ee728b)
Start importing Assets/Prefabs/Bad 1.prefab using Guid(41e063c4c0fca4518b86d13c4dcdc927) Importer(815301076,1909f56bfc062723c751e8b465ee728b)  -> (artifact id: 'b07ad3e62b4b6f2e064a647af31b5e90') in 0.016658 seconds 
  Import took 0.018968 seconds .

========================================================================
Received Import Request.
  Time since last request: 6.146896 seconds.
  path: Assets/Prefabs/Good 1.prefab
  artifactKey: Guid(aa6a4493bd3cc412099195960629b8ed) Importer(815301076,1909f56bfc062723c751e8b465ee728b)
Start importing Assets/Prefabs/Good 1.prefab using Guid(aa6a4493bd3cc412099195960629b8ed) Importer(815301076,1909f56bfc062723c751e8b465ee728b)  -> (artifact id: 'a61ca90afe663f11adf34f1519092643') in 0.009042 seconds 
  Import took 0.011291 seconds .

========================================================================
Received Import Request.
  Time since last request: 9.508734 seconds.
  path: Assets/Prefabs/Good 2.prefab
  artifactKey: Guid(3b57d75a995f0476185473f3a118af36) Importer(815301076,1909f56bfc062723c751e8b465ee728b)
Start importing Assets/Prefabs/Good 2.prefab using Guid(3b57d75a995f0476185473f3a118af36) Importer(815301076,1909f56bfc062723c751e8b465ee728b)  -> (artifact id: 'd919f47efaf58515a20caebf480c3363') in 0.009227 seconds 
  Import took 0.011448 seconds .

========================================================================
Received Import Request.
  Time since last request: 5.083836 seconds.
  path: Assets/Prefabs/Good 3.prefab
  artifactKey: Guid(c59f3628ddadc4f0b8677a07da2814c9) Importer(815301076,1909f56bfc062723c751e8b465ee728b)
Start importing Assets/Prefabs/Good 3.prefab using Guid(c59f3628ddadc4f0b8677a07da2814c9) Importer(815301076,1909f56bfc062723c751e8b465ee728b)  -> (artifact id: 'c7b17ddbbd6e394604597e67f61f1f19') in 0.009349 seconds 
  Import took 0.011605 seconds .

========================================================================
Received Prepare
Registering precompiled user dll's ...
Registered in 0.001328 seconds.
Begin MonoManager ReloadAssembly
Native extension for OSXStandalone target not found
Refreshing native plugins compatible for Editor in 0.29 ms, found 2 plugins.
Preloading 0 native plugins for Editor in 0.00 ms.
Mono: successfully reloaded assembly
- Completed reload, in  0.876 seconds
Domain Reload Profiling:
	ReloadAssembly (876ms)
		BeginReloadAssembly (94ms)
			ExecutionOrderSort (0ms)
			DisableScriptedObjects (4ms)
			BackupInstance (0ms)
			ReleaseScriptingObjects (0ms)
			CreateAndSetChildDomain (44ms)
		EndReloadAssembly (728ms)
			LoadAssemblies (56ms)
			RebuildTransferFunctionScriptingTraits (0ms)
			SetupTypeCache (273ms)
			ReleaseScriptCaches (1ms)
			RebuildScriptCaches (38ms)
			SetupLoadedEditorAssemblies (259ms)
				LogAssemblyErrors (0ms)
				InitializePlatformSupportModulesInManaged (4ms)
				SetLoadedEditorAssemblies (0ms)
				RefreshPlugins (0ms)
				BeforeProcessingInitializeOnLoad (73ms)
				ProcessInitializeOnLoadAttributes (173ms)
				ProcessInitializeOnLoadMethodAttributes (7ms)
				AfterProcessingInitializeOnLoad (1ms)
				EditorAssembliesLoaded (0ms)
			ExecutionOrderSort2 (0ms)
			AwakeInstancesAfterBackupRestoration (6ms)
Platform modules already initialized, skipping
Refreshing native plugins compatible for Editor in 0.31 ms, found 2 plugins.
Preloading 0 native plugins for Editor in 0.00 ms.
Unloading 1500 Unused Serialized files (Serialized files now loaded: 0)
System memory in use before: 189.3 MB.
System memory in use after: 189.4 MB.

Unloading 14 unused Assets to reduce memory usage. Loaded Objects now: 2008.
Total: 2.333638 ms (FindLiveObjects: 0.129276 ms CreateObjectMapping: 0.044627 ms MarkObjects: 2.142627 ms  DeleteObjects: 0.016337 ms)

AssetImportParameters requested are different than current active one (requested -> active):
  custom:video-decoder-ogg-theora: a1e56fd34408186e4bbccfd4996cb3dc -> 
  custom:container-muxer-webm: aa71ff27fc2769a1b78a27578f13a17b -> 
  custom:container-demuxer-webm: 4f35f7cbe854078d1ac9338744f61a02 -> 
  custom:container-demuxer-ogg: 62fdf1f143b41e24485cea50d1cbac27 -> 
  custom:video-encoder-webm-vp8: eb34c28f22e8b96e1ab97ce403110664 -> 
  custom:framework-osx-AVFoundation: e770b220cccbd017edd2c1fefb359320 -> 
  custom:video-decoder-webm-vp8: 9c59270c3fd7afecdb556c50c9e8de78 -> 
  custom:audio-decoder-ogg-vorbis: bf7c407c2cedff20999df2af8eb42d56 -> 
  custom:audio-encoder-webm-vorbis: bf7c407c2cedff20999df2af8eb42d56 -> 
========================================================================
Received Import Request.
  Time since last request: 589.863629 seconds.
  path: Assets/Scenes/DifficultyButton.cs
  artifactKey: Guid(fdb0e3ec14b71443287f846285f87c1a) Importer(815301076,1909f56bfc062723c751e8b465ee728b)
Start importing Assets/Scenes/DifficultyButton.cs using Guid(fdb0e3ec14b71443287f846285f87c1a) Importer(815301076,1909f56bfc062723c751e8b465ee728b)  -> (artifact id: '652597e82012c3ddcf32597b76a2e7c9') in 0.005613 seconds 
  Import took 0.007585 seconds .

========================================================================
Received Prepare
Registering precompiled user dll's ...
Registered in 0.001422 seconds.
Begin MonoManager ReloadAssembly
Native extension for OSXStandalone target not found
Refreshing native plugins compatible for Editor in 0.30 ms, found 2 plugins.
Preloading 0 native plugins for Editor in 0.00 ms.
Mono: successfully reloaded assembly
- Completed reload, in  0.901 seconds
Domain Reload Profiling:
	ReloadAssembly (902ms)
		BeginReloadAssembly (97ms)
			ExecutionOrderSort (0ms)
			DisableScriptedObjects (4ms)
			BackupInstance (0ms)
			ReleaseScriptingObjects (0ms)
			CreateAndSetChildDomain (49ms)
		EndReloadAssembly (748ms)
			LoadAssemblies (57ms)
			RebuildTransferFunctionScriptingTraits (0ms)
			SetupTypeCache (282ms)
			ReleaseScriptCaches (1ms)
			RebuildScriptCaches (40ms)
			SetupLoadedEditorAssemblies (262ms)
				LogAssemblyErrors (0ms)
				InitializePlatformSupportModulesInManaged (4ms)
				SetLoadedEditorAssemblies (0ms)
				RefreshPlugins (0ms)
				BeforeProcessingInitializeOnLoad (74ms)
				ProcessInitializeOnLoadAttributes (175ms)
				ProcessInitializeOnLoadMethodAttributes (7ms)
				AfterProcessingInitializeOnLoad (1ms)
				EditorAssembliesLoaded (0ms)
			ExecutionOrderSort2 (0ms)
			AwakeInstancesAfterBackupRestoration (6ms)
Platform modules already initialized, skipping
Refreshing native plugins compatible for Editor in 0.29 ms, found 2 plugins.
Preloading 0 native plugins for Editor in 0.00 ms.
Unloading 1501 Unused Serialized files (Serialized files now loaded: 0)
System memory in use before: 189.5 MB.
System memory in use after: 189.6 MB.

Unloading 14 unused Assets to reduce memory usage. Loaded Objects now: 2011.
Total: 2.060706 ms (FindLiveObjects: 0.096402 ms CreateObjectMapping: 0.039410 ms MarkObjects: 1.913503 ms  DeleteObjects: 0.010439 ms)

AssetImportParameters requested are different than current active one (requested -> active):
  custom:video-decoder-ogg-theora: a1e56fd34408186e4bbccfd4996cb3dc -> 
  custom:container-muxer-webm: aa71ff27fc2769a1b78a27578f13a17b -> 
  custom:container-demuxer-webm: 4f35f7cbe854078d1ac9338744f61a02 -> 
  custom:container-demuxer-ogg: 62fdf1f143b41e24485cea50d1cbac27 -> 
  custom:video-encoder-webm-vp8: eb34c28f22e8b96e1ab97ce403110664 -> 
  custom:framework-osx-AVFoundation: e770b220cccbd017edd2c1fefb359320 -> 
  custom:video-decoder-webm-vp8: 9c59270c3fd7afecdb556c50c9e8de78 -> 
  custom:audio-decoder-ogg-vorbis: bf7c407c2cedff20999df2af8eb42d56 -> 
  custom:audio-encoder-webm-vorbis: bf7c407c2cedff20999df2af8eb42d56 -> 
========================================================================
Received Import Request.
  Time since last request: 599.333588 seconds.
  path: Assets/Scenes/GameManager.cs
  artifactKey: Guid(97d978745e8674104905b58f38a539b9) Importer(815301076,1909f56bfc062723c751e8b465ee728b)
Start importing Assets/Scenes/GameManager.cs using Guid(97d978745e8674104905b58f38a539b9) Importer(815301076,1909f56bfc062723c751e8b465ee728b)  -> (artifact id: 'e13d70fd7a90ac84d8ac7e9b0160427b') in 0.004633 seconds 
  Import took 0.007002 seconds .

========================================================================
Received Import Request.
  Time since last request: 166.013478 seconds.
  path: Assets/Scenes/GameManager.cs
  artifactKey: Guid(97d978745e8674104905b58f38a539b9) Importer(815301076,1909f56bfc062723c751e8b465ee728b)
Start importing Assets/Scenes/GameManager.cs using Guid(97d978745e8674104905b58f38a539b9) Importer(815301076,1909f56bfc062723c751e8b465ee728b)  -> (artifact id: '6de838b7335287991f09559b4522ea09') in 0.003707 seconds 
  Import took 0.006172 seconds .

AssetImportWorkerClient::OnTransportError - code=2 error=End of file
